Added Component: Designator=12V(LED_0805_GREEN)
Added Component: Designator=C15(CAP 0805_2012)
Add component (AddParameter): Name = "VALUE"; Value = "100nF"; VariantName = "[No Variations]"
Added Component: Designator=C16(CAP 0805_2012)
Add component (AddParameter): Name = "VALUE"; Value = "100nF"; VariantName = "[No Variations]"
Added Component: Designator=C17(CAP 0805_2012)
Add component (AddParameter): Name = "VALUE"; Value = "100nF"; VariantName = "[No Variations]"
Added Component: Designator=R10(RES 0805_2012)
Add component (AddParameter): Name = "VALUE"; Value = "1K"; VariantName = "[No Variations]"
Added Pin To Net: NetName=GND Pin=12V-2
Added Pin To Net: NetName=GND Pin=C15-1
Added Pin To Net: NetName=3v3 Pin=C15-2
Added Pin To Net: NetName=GND Pin=C16-1
Added Pin To Net: NetName=3v3 Pin=C16-2
Added Pin To Net: NetName=GND Pin=C17-1
Added Pin To Net: NetName=3v3 Pin=C17-2
Added Pin To Net: NetName=NetC3_1 Pin=R10-1
Added Pin To Net: NetName=Net12V_1 Pin=12V-1
Added Pin To Net: NetName=Net12V_1 Pin=R10-2
Added Net: Name=Net12V_1
Added Member To Class: ClassName=Supply 12V to 5V-7805 smd Member=Component 12V LED SMD 0805 GREEN
Added Member To Class: ClassName=Micro Member=Component C15 100nF
Added Member To Class: ClassName=Micro Member=Component C16 100nF
Added Member To Class: ClassName=Micro Member=Component C17 100nF
Added Member To Class: ClassName=Supply 12V to 5V-7805 smd Member=Component R10 1K
