Added Component: Designator=R?(RES 0805_2012)
Add component (AddParameter): Name = "VALUE"; Value = "1K"; VariantName = "[No Variations]"
Added Component: Designator=S?(SW_FSM8JH)
Add component (AddParameter): Name = "Availability"; Value = "In Stock"; VariantName = "[No Variations]"
Add component (AddParameter): Name = "Check_prices"; Value = "https://www.snapeda.com/parts/FSM8JH/TE+Connectivity+ALCOSWITCH+Switches/view-part/?ref=eda"; VariantName = "[No Variations]"
Add component (AddParameter): Name = "MF"; Value = "TE Connectivity"; VariantName = "[No Variations]"
Add component (AddParameter): Name = "MP"; Value = "FSM8JH"; VariantName = "[No Variations]"
Add component (AddParameter): Name = "Package"; Value = "None"; VariantName = "[No Variations]"
Add component (AddParameter): Name = "Price"; Value = "None"; VariantName = "[No Variations]"
Add component (AddParameter): Name = "SnapEDA_Link"; Value = "https://www.snapeda.com/parts/FSM8JH/TE+Connectivity+ALCOSWITCH+Switches/view-part/?ref=snap"; VariantName = "[No Variations]"
Add component (AddParameter): Name = "Value"; Value = ""; VariantName = "[No Variations]"
Added Pin To Net: NetName=3v3 Pin=R?-2
Added Pin To Net: NetName=GND Pin=S?-3
Added Pin To Net: NetName=GND Pin=S?-4
Added Pin To Net: NetName=INC Pin=R?-1
Added Pin To Net: NetName=INC Pin=S?-1
Added Pin To Net: NetName=INC Pin=S?-2
Added Pin To Net: NetName=INC Pin=U1-18
Added Net: Name=INC
Added Member To Class: ClassName=Micro Member=Component R? 10K
Added Member To Class: ClassName=Micro Member=Component S? FSM8JH
